{
  "RSpec": {
    "coverage": {
      "/Users/danielwork/Documents/GitHub/makers/tech_tests/gil_rose/spec/integration_spec.rb": [
        1,
        1,
        1,
        null,
        1,
        null,
        1,
        10,
        null,
        null,
        null,
        null,
        null,
        null,
        null,
        null,
        null,
        null,
        null,
        null,
        null,
        10,
        10,
        null,
        null,
        1,
        1,
        1,
        1,
        1,
        null,
        null,
        null,
        1,
        1,
        1,
        1,
        null,
        null,
        null,
        1,
        null,
        1,
        1,
        1,
        1,
        1,
        1,
        null,
        null,
        null,
        1,
        1,
        1,
        1,
        null,
        null,
        null,
        1,
        1,
        1,
        1,
        null,
        1,
        1,
        1,
        null,
        1,
        1,
        1,
        null,
        null,
        null,
        null,
        null,
        1,
        1,
        1,
        1,
        null,
        null,
        1,
        1,
        null,
        null,
        1,
        1,
        1,
        null,
        null,
        null,
        null,
        null,
        null,
        null,
        null,
        null,
        null
      ],
      "/Users/danielwork/Documents/GitHub/makers/tech_tests/gil_rose/lib/shop.rb": [
        1,
        1,
        null,
        1,
        null,
        1,
        1,
        1,
        null,
        1,
        null,
        1,
        15,
        15,
        15,
        15,
        null,
        null,
        1,
        13,
        13,
        13,
        13,
        null,
        null,
        1,
        null,
        1,
        146,
        null,
        null,
        1,
        13,
        null,
        null,
        1,
        13,
        73,
        73,
        73,
        null,
        null,
        null,
        1,
        13,
        133,
        133,
        133,
        null,
        null,
        null,
        null,
        null
      ],
      "/Users/danielwork/Documents/GitHub/makers/tech_tests/gil_rose/lib/modules/all_modules.rb": [
        1,
        1,
        1,
        1
      ],
      "/Users/danielwork/Documents/GitHub/makers/tech_tests/gil_rose/lib/modules/irregular_item_updater.rb": [
        1,
        null,
        1,
        23,
        null,
        null,
        1,
        40,
        null,
        null,
        1,
        10,
        null,
        null,
        null
      ],
      "/Users/danielwork/Documents/GitHub/makers/tech_tests/gil_rose/lib/modules/item_updater_methods.rb": [
        1,
        null,
        1,
        76,
        null,
        null,
        1,
        109,
        null,
        null,
        1,
        23,
        null,
        null,
        1,
        133,
        null,
        null,
        1,
        133,
        133,
        null,
        null,
        null
      ],
      "/Users/danielwork/Documents/GitHub/makers/tech_tests/gil_rose/lib/modules/name_checker.rb": [
        1,
        1,
        null,
        1,
        266,
        null,
        null,
        1,
        266,
        null,
        null,
        1,
        191,
        null,
        null,
        1,
        357,
        null,
        null,
        1,
        73,
        null,
        null,
        1,
        73,
        null,
        null,
        null
      ],
      "/Users/danielwork/Documents/GitHub/makers/tech_tests/gil_rose/lib/modules/item_sell_in.rb": [
        1,
        null,
        1,
        155,
        null,
        null,
        null
      ],
      "/Users/danielwork/Documents/GitHub/makers/tech_tests/gil_rose/lib/updater_classes/updater.rb": [
        1,
        1,
        1,
        1
      ],
      "/Users/danielwork/Documents/GitHub/makers/tech_tests/gil_rose/lib/updater_classes/aged_brie_updater.rb": [
        1,
        null,
        1,
        1,
        null,
        1,
        24,
        24,
        null,
        null
      ],
      "/Users/danielwork/Documents/GitHub/makers/tech_tests/gil_rose/lib/updater_classes/backstage_pass_updater.rb": [
        1,
        1,
        null,
        null,
        1,
        null,
        1,
        1,
        null,
        1,
        44,
        44,
        44,
        44,
        44,
        null,
        null,
        null
      ],
      "/Users/danielwork/Documents/GitHub/makers/tech_tests/gil_rose/lib/updater_classes/conjured_updater.rb": [
        1,
        1,
        null,
        1,
        null,
        1,
        1,
        null,
        1,
        33,
        11,
        11,
        0,
        0,
        null,
        null,
        null
      ],
      "/Users/danielwork/Documents/GitHub/makers/tech_tests/gil_rose/lib/updater_classes/regular_updater.rb": [
        1,
        1,
        null,
        1,
        null,
        1,
        1,
        null,
        1,
        1,
        17,
        17,
        null,
        null,
        1,
        null,
        1,
        17,
        65,
        65,
        null,
        null,
        null,
        1,
        54,
        42,
        null,
        12,
        null,
        null,
        null,
        null
      ],
      "/Users/danielwork/Documents/GitHub/makers/tech_tests/gil_rose/lib/item.rb": [
        1,
        1,
        null,
        1,
        122,
        122,
        122,
        null,
        null,
        1,
        1,
        null,
        null
      ],
      "/Users/danielwork/Documents/GitHub/makers/tech_tests/gil_rose/spec/item_spec.rb": [
        1,
        1,
        null,
        1,
        null,
        1,
        2,
        null,
        1,
        1,
        1,
        1,
        null,
        null,
        1,
        1,
        1,
        null,
        null,
        null
      ],
      "/Users/danielwork/Documents/GitHub/makers/tech_tests/gil_rose/spec/shop_spec.rb": [
        1,
        1,
        1,
        null,
        1,
        null,
        1,
        5,
        null,
        null,
        1,
        1,
        2,
        2,
        2,
        null,
        1,
        1,
        null,
        1,
        1,
        1,
        1,
        null,
        null,
        null,
        1,
        1,
        2,
        2,
        2,
        null,
        1,
        1,
        1,
        null,
        1,
        1,
        1,
        null,
        null,
        null,
        1,
        1,
        1,
        1,
        1,
        1,
        1,
        1,
        1,
        null,
        null,
        null,
        null
      ],
      "/Users/danielwork/Documents/GitHub/makers/tech_tests/gil_rose/spec/helper_methods.rb": [
        1,
        1,
        1,
        53,
        53,
        53,
        null,
        null,
        null,
        1,
        9,
        9,
        9,
        9,
        9,
        9,
        null,
        null,
        1,
        3,
        3,
        3,
        null,
        null,
        1,
        1,
        1,
        1,
        null,
        null,
        1,
        2,
        2,
        2,
        null,
        null,
        1,
        4,
        4,
        4,
        4,
        null,
        null,
        1,
        1,
        1,
        1,
        null
      ],
      "/Users/danielwork/Documents/GitHub/makers/tech_tests/gil_rose/spec/updater_classes/aged_brie_updater_spec.rb": [
        1,
        1,
        1,
        null,
        1,
        1,
        1,
        1,
        1,
        null,
        null,
        null
      ],
      "/Users/danielwork/Documents/GitHub/makers/tech_tests/gil_rose/spec/updater_classes/backstage_updater_spec.rb": [
        1,
        1,
        null,
        1,
        null,
        1,
        null,
        1,
        4,
        null,
        null,
        1,
        1,
        1,
        null,
        null,
        1,
        1,
        1,
        null,
        null,
        1,
        1,
        1,
        null,
        null,
        1,
        1,
        1,
        null,
        null,
        null
      ],
      "/Users/danielwork/Documents/GitHub/makers/tech_tests/gil_rose/spec/updater_classes/conjured_updater_spec.rb": [
        1,
        1,
        null,
        1,
        1,
        1,
        1,
        1,
        1,
        null,
        null
      ],
      "/Users/danielwork/Documents/GitHub/makers/tech_tests/gil_rose/spec/updater_classes/regular_updater_spec.rb": [
        1,
        1,
        1,
        null,
        1,
        null,
        1,
        4,
        null,
        null,
        1,
        null,
        1,
        1,
        1,
        1,
        1,
        1,
        1,
        null,
        null,
        1,
        1,
        1,
        1,
        1,
        1,
        1,
        null,
        null,
        1,
        1,
        1,
        1,
        1,
        1,
        1,
        null,
        null,
        1,
        1,
        1,
        1,
        1,
        1,
        1,
        null,
        null,
        null,
        null,
        null,
        null
      ]
    },
    "timestamp": 1527414517
  }
}
