{
  "RSpec": {
    "coverage": {
      "/Users/danielwork/Documents/GitHub/makers/tech_tests/gil_rose/spec/aged_brie_updater_spec.rb": [
        1,
        1,
        1,
        null,
        1,
        1,
        1,
        1,
        1,
        null,
        null,
        1,
        1,
        1,
        1,
        null,
        null
      ],
      "/Users/danielwork/Documents/GitHub/makers/tech_tests/gil_rose/spec/helper_methods.rb": [
        1,
        1,
        1,
        53,
        53,
        53,
        null,
        null,
        null,
        1,
        9,
        9,
        9,
        9,
        9,
        9,
        null,
        null,
        1,
        3,
        3,
        3,
        null,
        null,
        1,
        1,
        1,
        1,
        null,
        null,
        1,
        2,
        2,
        2,
        null,
        null,
        1,
        4,
        4,
        4,
        4,
        null,
        null,
        1,
        1,
        1,
        1,
        null
      ],
      "/Users/danielwork/Documents/GitHub/makers/tech_tests/gil_rose/lib/aged_brie_updater.rb": [
        1,
        1,
        5,
        null,
        null
      ],
      "/Users/danielwork/Documents/GitHub/makers/tech_tests/gil_rose/spec/backstage_updater_spec.rb": [
        1,
        1,
        1,
        null,
        1,
        null,
        1,
        4,
        null,
        null,
        1,
        1,
        1,
        null,
        null,
        1,
        1,
        1,
        null,
        null,
        1,
        1,
        1,
        null,
        null,
        1,
        1,
        1,
        null,
        null,
        null
      ],
      "/Users/danielwork/Documents/GitHub/makers/tech_tests/gil_rose/lib/backstage_pass_updater.rb": [
        1,
        null,
        1,
        4,
        4,
        4,
        4,
        null,
        null,
        null
      ],
      "/Users/danielwork/Documents/GitHub/makers/tech_tests/gil_rose/spec/item_spec.rb": [
        1,
        1,
        null,
        1,
        null,
        1,
        2,
        null,
        1,
        1,
        1,
        1,
        null,
        null,
        1,
        1,
        1,
        null,
        null,
        null
      ],
      "/Users/danielwork/Documents/GitHub/makers/tech_tests/gil_rose/lib/item.rb": [
        1,
        1,
        null,
        1,
        2,
        2,
        2,
        null,
        null,
        1,
        1,
        null,
        null
      ],
      "/Users/danielwork/Documents/GitHub/makers/tech_tests/gil_rose/spec/name_checker_spec.rb": [
        1,
        1,
        null,
        1,
        1,
        1,
        1,
        null,
        1,
        1,
        null,
        null,
        null,
        null
      ],
      "/Users/danielwork/Documents/GitHub/makers/tech_tests/gil_rose/lib/name_checker.rb": [
        1,
        1,
        1,
        28,
        null,
        null,
        null
      ],
      "/Users/danielwork/Documents/GitHub/makers/tech_tests/gil_rose/spec/regular_updater_spec.rb": [
        1,
        1,
        1,
        null,
        1,
        null,
        1,
        4,
        null,
        null,
        1,
        null,
        1,
        1,
        1,
        1,
        1,
        1,
        1,
        null,
        null,
        1,
        1,
        1,
        1,
        1,
        1,
        1,
        null,
        null,
        1,
        1,
        1,
        1,
        1,
        1,
        1,
        null,
        null,
        1,
        1,
        1,
        1,
        1,
        1,
        1,
        null,
        null,
        null,
        null,
        null,
        null
      ],
      "/Users/danielwork/Documents/GitHub/makers/tech_tests/gil_rose/lib/regular_updater.rb": [
        1,
        null,
        1,
        1,
        7,
        7,
        null,
        null,
        1,
        null,
        1,
        7,
        25,
        25,
        null,
        null,
        null,
        1,
        25,
        null,
        null,
        1,
        24,
        22,
        null,
        2,
        null,
        null,
        null,
        1,
        24,
        null,
        null,
        1,
        3,
        null,
        null,
        null
      ],
      "/Users/danielwork/Documents/GitHub/makers/tech_tests/gil_rose/spec/shop_spec.rb": [
        1,
        1,
        1,
        null,
        1,
        null,
        1,
        5,
        null,
        null,
        1,
        1,
        2,
        2,
        2,
        null,
        1,
        1,
        null,
        1,
        1,
        1,
        1,
        null,
        null,
        null,
        1,
        1,
        2,
        2,
        2,
        null,
        1,
        1,
        1,
        null,
        1,
        1,
        1,
        null,
        null,
        null,
        1,
        1,
        1,
        1,
        1,
        1,
        1,
        1,
        1,
        null,
        null,
        null,
        null
      ],
      "/Users/danielwork/Documents/GitHub/makers/tech_tests/gil_rose/lib/shop.rb": [
        1,
        1,
        1,
        1,
        1,
        null,
        1,
        null,
        1,
        1,
        null,
        1,
        5,
        5,
        5,
        5,
        null,
        null,
        1,
        3,
        3,
        3,
        3,
        3,
        0,
        null,
        3,
        null,
        null,
        null,
        null,
        1,
        null,
        1,
        3,
        13,
        13,
        13,
        null,
        null,
        null,
        1,
        26,
        null,
        null,
        1,
        3,
        null,
        null,
        null,
        null
      ]
    },
    "timestamp": 1527341138
  }
}
